<?xml version="1.0" encoding="UTF-8"?>
<testng-results skipped="0" failed="0" total="2" passed="2">
  <reporter-output>
  </reporter-output>
  <suite name="Suite" duration-ms="108713" started-at="2016-09-13T11:52:41Z" finished-at="2016-09-13T11:54:29Z">
    <groups>
      <group name="Functional">
        <method signature="AndroidTest.validateInvalidEmail(java.lang.String, java.lang.String)[pri:0, instance:com.appium.android.AndroidTest@3cbbc1e0]" name="validateInvalidEmail" class="com.appium.android.AndroidTest"/>
      </group> <!-- Functional -->
    </groups>
    <test name="Test" duration-ms="108713" started-at="2016-09-13T11:52:41Z" finished-at="2016-09-13T11:54:29Z">
      <class name="com.appium.android.AndroidTest">
        <test-method status="PASS" signature="setup()[pri:0, instance:com.appium.android.AndroidTest@3cbbc1e0]" name="setup" is-config="true" duration-ms="29114" started-at="2016-09-13T17:22:42Z" finished-at="2016-09-13T17:23:11Z">
          <reporter-output>
          </reporter-output>
        </test-method> <!-- setup -->
        <test-method status="PASS" signature="validateInvalidEmail(java.lang.String, java.lang.String)[pri:0, instance:com.appium.android.AndroidTest@3cbbc1e0]" name="validateInvalidEmail" duration-ms="26906" started-at="2016-09-13T17:23:11Z" data-provider="credentials" finished-at="2016-09-13T17:23:38Z">
          <params>
            <param index="0">
              <value>
                <![CDATA[testuser]]>
              </value>
            </param>
            <param index="1">
              <value>
                <![CDATA[testpassword]]>
              </value>
            </param>
          </params>
          <reporter-output>
          </reporter-output>
        </test-method> <!-- validateInvalidEmail -->
        <test-method status="PASS" signature="tearDown()[pri:0, instance:com.appium.android.AndroidTest@3cbbc1e0]" name="tearDown" is-config="true" duration-ms="1465" started-at="2016-09-13T17:23:40Z" finished-at="2016-09-13T17:23:41Z">
          <reporter-output>
          </reporter-output>
        </test-method> <!-- tearDown -->
        <test-method status="PASS" signature="setup()[pri:0, instance:com.appium.android.AndroidTest@3cbbc1e0]" name="setup" is-config="true" duration-ms="18817" started-at="2016-09-13T17:23:41Z" finished-at="2016-09-13T17:24:00Z">
          <reporter-output>
          </reporter-output>
        </test-method> <!-- setup -->
        <test-method status="PASS" signature="validateInvalidEmail(java.lang.String, java.lang.String)[pri:0, instance:com.appium.android.AndroidTest@3cbbc1e0]" name="validateInvalidEmail" duration-ms="26189" started-at="2016-09-13T17:24:00Z" data-provider="credentials" finished-at="2016-09-13T17:24:26Z">
          <params>
            <param index="0">
              <value>
                <![CDATA[ujjwal]]>
              </value>
            </param>
            <param index="1">
              <value>
                <![CDATA[test]]>
              </value>
            </param>
          </params>
          <reporter-output>
          </reporter-output>
        </test-method> <!-- validateInvalidEmail -->
        <test-method status="PASS" signature="tearDown()[pri:0, instance:com.appium.android.AndroidTest@3cbbc1e0]" name="tearDown" is-config="true" duration-ms="1211" started-at="2016-09-13T17:24:28Z" finished-at="2016-09-13T17:24:29Z">
          <reporter-output>
          </reporter-output>
        </test-method> <!-- tearDown -->
      </class> <!-- com.appium.android.AndroidTest -->
    </test> <!-- Test -->
  </suite> <!-- Suite -->
</testng-results>
