<?xml version="1.0" encoding="UTF-8"?>
<!-- Generated by org.testng.reporters.JUnitXMLReporter -->
<testsuite hostname="PHL18DLLP72" name="Test" tests="1" failures="1" timestamp="11 Sep 2016 06:23:09 GMT" time="51.796" errors="0">
  <testcase name="firstTestCase" time="21.574" classname="com.appium.android.AndroidTest">
    <failure type="java.lang.AssertionError" message="expected [Email address invalid.] but found [Email address invalid. T]">
      <![CDATA[java.lang.AssertionError: expected [Email address invalid.] but found [Email address invalid. T]
	at com.appium.android.AndroidTest.firstTestCase(AndroidTest.java:73)
... Removed 29 stack frames]]>
    </failure>
  </testcase> <!-- firstTestCase -->
</testsuite> <!-- Test -->
