<html xmlns:math="http://exslt.org/math" xmlns:testng="http://testng.org">
   <head>
      <title>TestNG Results</title>
      <meta http-equiv="content-type" content="text/html; charset=utf-8"></meta>
      <meta http-equiv="pragma" content="no-cache"></meta>
      <meta http-equiv="cache-control" content="max-age=0"></meta>
      <meta http-equiv="cache-control" content="no-cache"></meta>
      <meta http-equiv="cache-control" content="no-store"></meta>
      <LINK rel="stylesheet" href="style.css"></LINK>
      <script type="text/javascript" src="main.js"></script>
   </head>
   <body>
      <table width="100%" style="font-size: 16px; margin-bottom: 10px;" cellspacing="1">
         <tr>
            <td width="100%">
               Test case
               
               <b>TestOnEmulator1</b>
            </td>
            <td style="background-color: #FFBBBB; padding: 3px 3px 3px 0;" align="center">
               <div style="width: 50px;">2</div>
            </td>
            <td style="background-color: lightgreen; padding: 3px 3px 3px 0;" align="center">
               <div style="width: 50px;">3</div>
            </td>
            <td style="background-color: #FFFFBB; padding: 3px 3px 3px 0;" align="center">
               <div style="width: 50px;">0</div>
            </td>
            <td align="center" style="background-color: #eaf0f7; padding: 3px 3px 3px 0;">
               <div style="width: 50px;">5</div>
            </td>
            <td align="center"
                style="font-weight: bold; background-color: #eaf0f7; padding: 3px 3px 3px 0;">
               <div style="width: 50px;">60%</div>
            </td>
            <td style="background-color: #eaf0f7; padding: 3px 3px 3px 0;" align="center"
                nowrap="true">4m
               27s
               
            </td>
         </tr>
      </table>
      <div style="width: 200px;">
         <label for="groupMethodsCheckBox" style="font-weight: bold; margin: 0;">
            <input id="groupMethodsCheckBox" type="checkbox" onclick="switchTestMethodsView(this)"
                   checked=""></input>
            Group by class
            
         </label>
         <br></br>
         <label for="methodsFilter_ALL" style="font-weight: bold; margin: 0;">
            <input id="methodsFilter_ALL" type="checkbox"
                   onclick="testMethodsFilterChanged(this, 'ALL')"
                   checked=""></input>
            All
            
         </label>
      </div>
      <label for="methodsFilter_FAIL" style="margin-left: 20px;">
         <input id="methodsFilter_FAIL" type="checkbox"
                onclick="testMethodsFilterChanged(this, 'FAIL')"
                checked=""></input>
         Failed
         
      </label>
      <label for="methodsFilter_PASS">
         <input id="methodsFilter_PASS" type="checkbox"
                onclick="testMethodsFilterChanged(this, 'PASS')"
                checked=""></input>
         Passed
         
      </label>
      <label for="methodsFilter_SKIP">
         <input id="methodsFilter_SKIP" type="checkbox"
                onclick="testMethodsFilterChanged(this, 'SKIP')"
                checked=""></input>
         Skipped
         
      </label>
      <label for="methodsFilter_CONF">
         <input id="methodsFilter_CONF" type="checkbox"
                onclick="testMethodsFilterChanged(this, 'CONF')"
                checked=""></input>
         Config
         
      </label>
      <br></br>
      <div id="testMethodsByStatus" style="display: none;">
         <table class="testMethodsTable" cellpadding="0" cellspacing="0">
            <tr class="methodsTableHeader">
               <td width="100%">Name</td>
               <td nowrap="true">Started</td>
               <td nowrap="true">Duration</td>
               <td>Exception</td>
            </tr>
            <tr id="com.app.android.AndroidTest_checkLoginWithValidEmailPassword_byStatus_failed_FAIL1_row"
                class="testMethodStatusFAIL">
               <td width="100%" class="firstMethodCell">
                  <a onclick="toggleDetailsVisibility('com.app.android.AndroidTest_checkLoginWithValidEmailPassword_byStatus_failed_FAIL1_details')">checkLoginWithValidEmailPassword(ujjwalraj999@gmail.com
                     
                     ,
                     
                     testPassword)
                  </a>
               </td>
               <td nowrap="true">11:58:52</td>
               <td nowrap="true" align="right">25s
                  
               </td>
               <td nowrap="true">
                  <a onclick="toggleDetailsVisibility('com.app.android.AndroidTest_checkLoginWithValidEmailPassword_byStatus_failed_FAIL1_exception')">java.lang.AssertionError: 
                     expected [SSL connection failure] but found [Please Enter Correct Password]
                     
                  </a>
                   
                  
               </td>
            </tr>
            <tr>
               <td colspan="4" class="detailsBox">
                  <div id="com.app.android.AndroidTest_checkLoginWithValidEmailPassword_byStatus_failed_FAIL1_details"
                       class="testMethodDetails">
                     <div>
                        <b>Name: </b>checkLoginWithValidEmailPassword
                     </div>
                     <div>
                        <b>Signature: </b>checkLoginWithValidEmailPassword(java.lang.String, java.lang.String)[pri:0, instance:com.app.android.AndroidTest@5622fdf]
                     </div>
                     <div>
                        <b>Parameters: </b>
                        
                        ujjwalraj999@gmail.com
                        
                        ,
                        
                        testPassword
                        
                        
                     </div>
                     <div>
                        <b>Start time: </b>11:58:52
                     </div>
                     <div>
                        <b>End time: </b>11:59:17
                     </div>
                     <div>
                        <b>Duration: </b>25s
                        
                     </div>
                  </div>
               </td>
            </tr>
            <tr>
               <td colspan="4" class="detailsBox">
                  <div id="com.app.android.AndroidTest_checkLoginWithValidEmailPassword_byStatus_failed_FAIL1_exception"
                       class="testMethodDetails">
                     <pre style="padding: 5px; margin: 0;">java.lang.AssertionError: expected [SSL connection failure] but found [Please Enter Correct Password]
                        	at org.testng.Assert.fail(Assert.java:94)
                        	at org.testng.Assert.failNotEquals(Assert.java:513)
                        	at org.testng.Assert.assertEqualsImpl(Assert.java:135)
                        	at org.testng.Assert.assertEquals(Assert.java:116)
                        	at org.testng.Assert.assertEquals(Assert.java:190)
                        	at org.testng.Assert.assertEquals(Assert.java:200)
                        	at com.app.android.AndroidTest.checkLoginWithValidEmailPassword(AndroidTest.java:112)
                        	at sun.reflect.NativeMethodAccessorImpl.invoke0(Native Method)
                        	at sun.reflect.NativeMethodAccessorImpl.invoke(Unknown Source)
                        	at sun.reflect.DelegatingMethodAccessorImpl.invoke(Unknown Source)
                        	at java.lang.reflect.Method.invoke(Unknown Source)
                        	at org.testng.internal.MethodInvocationHelper.invokeMethod(MethodInvocationHelper.java:86)
                        	at org.testng.internal.Invoker.invokeMethod(Invoker.java:643)
                        	at org.testng.internal.Invoker.invokeTestMethod(Invoker.java:820)
                        	at org.testng.internal.Invoker.invokeTestMethods(Invoker.java:1128)
                        	at org.testng.internal.TestMethodWorker.invokeTestMethods(TestMethodWorker.java:129)
                        	at org.testng.internal.TestMethodWorker.run(TestMethodWorker.java:112)
                        	at org.testng.TestRunner.privateRun(TestRunner.java:782)
                        	at org.testng.TestRunner.run(TestRunner.java:632)
                        	at org.testng.SuiteRunner.runTest(SuiteRunner.java:366)
                        	at org.testng.SuiteRunner.access$000(SuiteRunner.java:39)
                        	at org.testng.SuiteRunner$SuiteWorker.run(SuiteRunner.java:400)
                        	at org.testng.internal.thread.ThreadUtil$2.call(ThreadUtil.java:64)
                        	at java.util.concurrent.FutureTask.run(Unknown Source)
                        	at java.util.concurrent.ThreadPoolExecutor.runWorker(Unknown Source)
                        	at java.util.concurrent.ThreadPoolExecutor$Worker.run(Unknown Source)
                        	at java.lang.Thread.run(Unknown Source)
                     </pre>
                  </div>
               </td>
            </tr>
            <tr id="com.app.android.AndroidTest_verifySignUpWithValidInformations_byStatus_failed_FAIL2_row"
                class="testMethodStatusFAIL">
               <td width="100%" class="firstMethodCell">
                  <a onclick="toggleDetailsVisibility('com.app.android.AndroidTest_verifySignUpWithValidInformations_byStatus_failed_FAIL2_details')">verifySignUpWithValidInformations(Ujjwal Kumar
                     
                     ,
                     
                     Test911.4102367870702@test.com
                     
                     ,
                     
                     testPassword)
                  </a>
               </td>
               <td nowrap="true">12:00:27</td>
               <td nowrap="true" align="right">1m
                  
               </td>
               <td nowrap="true">
                  <a onclick="toggleDetailsVisibility('com.app.android.AndroidTest_verifySignUpWithValidInformations_byStatus_failed_FAIL2_exception')">org.openqa.selenium.TimeoutException: 
                     Expected condition failed: waiting for com.app.utilities.Utilities$1@3a9a94ef (tried for 30 second(s) with 1000 MILLISECONDS
                     interval)
                     Build info: version: 'unknown', revision: '31c43c8', time: '2016-08-02 21:57:56 -0700'
                     System info: host: 'PHL18DLLP72', ip: '192.168.56.1', os.name: 'Windows 7', os.arch: 'amd64', os.version: '6.1', java.version:
                     '1.8.0_101'
                     Driver info: driver.version: unknown
                     
                  </a>
                   
                  
               </td>
            </tr>
            <tr>
               <td colspan="4" class="detailsBox">
                  <div id="com.app.android.AndroidTest_verifySignUpWithValidInformations_byStatus_failed_FAIL2_details"
                       class="testMethodDetails">
                     <div>
                        <b>Name: </b>verifySignUpWithValidInformations
                     </div>
                     <div>
                        <b>Signature: </b>verifySignUpWithValidInformations(java.lang.String, java.lang.String, java.lang.String)[pri:0, instance:com.app.android.AndroidTest@5622fdf]
                     </div>
                     <div>
                        <b>Parameters: </b>
                        
                        Ujjwal Kumar
                        
                        ,
                        
                        Test911.4102367870702@test.com
                        
                        ,
                        
                        testPassword
                        
                        
                     </div>
                     <div>
                        <b>Start time: </b>12:00:27
                     </div>
                     <div>
                        <b>End time: </b>12:01:27
                     </div>
                     <div>
                        <b>Duration: </b>1m
                        
                     </div>
                  </div>
               </td>
            </tr>
            <tr>
               <td colspan="4" class="detailsBox">
                  <div id="com.app.android.AndroidTest_verifySignUpWithValidInformations_byStatus_failed_FAIL2_exception"
                       class="testMethodDetails">
                     <pre style="padding: 5px; margin: 0;">org.openqa.selenium.TimeoutException: Expected condition failed: waiting for com.app.utilities.Utilities$1@3a9a94ef (tried
                        for 30 second(s) with 1000 MILLISECONDS interval)
                        Build info: version: 'unknown', revision: '31c43c8', time: '2016-08-02 21:57:56 -0700'
                        System info: host: 'PHL18DLLP72', ip: '192.168.56.1', os.name: 'Windows 7', os.arch: 'amd64', os.version: '6.1', java.version:
                        '1.8.0_101'
                        Driver info: driver.version: unknown
                        	at org.openqa.selenium.support.ui.FluentWait.timeoutException(FluentWait.java:291)
                        	at org.openqa.selenium.support.ui.FluentWait.until(FluentWait.java:260)
                        	at com.app.utilities.Utilities.waitForElement(Utilities.java:77)
                        	at com.app.POM.SignUp.getAllRightLetsGoText(SignUp.java:151)
                        	at com.app.android.AndroidTest.verifySignUpWithValidInformations(AndroidTest.java:125)
                        	at sun.reflect.NativeMethodAccessorImpl.invoke0(Native Method)
                        	at sun.reflect.NativeMethodAccessorImpl.invoke(Unknown Source)
                        	at sun.reflect.DelegatingMethodAccessorImpl.invoke(Unknown Source)
                        	at java.lang.reflect.Method.invoke(Unknown Source)
                        	at org.testng.internal.MethodInvocationHelper.invokeMethod(MethodInvocationHelper.java:86)
                        	at org.testng.internal.Invoker.invokeMethod(Invoker.java:643)
                        	at org.testng.internal.Invoker.invokeTestMethod(Invoker.java:820)
                        	at org.testng.internal.Invoker.invokeTestMethods(Invoker.java:1128)
                        	at org.testng.internal.TestMethodWorker.invokeTestMethods(TestMethodWorker.java:129)
                        	at org.testng.internal.TestMethodWorker.run(TestMethodWorker.java:112)
                        	at org.testng.TestRunner.privateRun(TestRunner.java:782)
                        	at org.testng.TestRunner.run(TestRunner.java:632)
                        	at org.testng.SuiteRunner.runTest(SuiteRunner.java:366)
                        	at org.testng.SuiteRunner.access$000(SuiteRunner.java:39)
                        	at org.testng.SuiteRunner$SuiteWorker.run(SuiteRunner.java:400)
                        	at org.testng.internal.thread.ThreadUtil$2.call(ThreadUtil.java:64)
                        	at java.util.concurrent.FutureTask.run(Unknown Source)
                        	at java.util.concurrent.ThreadPoolExecutor.runWorker(Unknown Source)
                        	at java.util.concurrent.ThreadPoolExecutor$Worker.run(Unknown Source)
                        	at java.lang.Thread.run(Unknown Source)
                        Caused by: org.openqa.selenium.NoSuchElementException: An element could not be located on the page using the given search
                        parameters. (WARNING: The server did not provide any stacktrace information)
                        Command duration or timeout: 100 milliseconds
                        For documentation on this error, please visit: http://seleniumhq.org/exceptions/no_such_element.html
                        Build info: version: 'unknown', revision: '31c43c8', time: '2016-08-02 21:57:56 -0700'
                        System info: host: 'PHL18DLLP72', ip: '192.168.56.1', os.name: 'Windows 7', os.arch: 'amd64', os.version: '6.1', java.version:
                        '1.8.0_101'
                        Driver info: io.appium.java_client.android.AndroidDriver
                        Capabilities [{app=C:\Users\ukumar\git\Appium\AppiumAndroid\APK\de.komoot.android-7.2.8-www.APK4Fun.com.apk, networkConnectionEnabled=true,
                        warnings={}, databaseEnabled=false, deviceName=emulator-5554, platform=ANDROID, desired={app=C:\Users\ukumar\git\Appium\AppiumAndroid\APK\de.komoot.android-7.2.8-www.APK4Fun.com.apk,
                        newCommandTimeout=30, platformName=Android, deviceName=AndroidDevice, platform=ANDROID}, newCommandTimeout=30, platformVersion=5.0.2,
                        webStorageEnabled=false, locationContextEnabled=false, browserName=Android, takesScreenshot=true, javascriptEnabled=true,
                        platformName=Android}]
                        Session ID: 987242f5-94ab-4ec4-b1d8-7376b7d9fbc6
                        *** Element info: {Using=id, value=de.komoot.android:id/oia_lets_go_tb}
                        	at sun.reflect.GeneratedConstructorAccessor12.newInstance(Unknown Source)
                        	at sun.reflect.DelegatingConstructorAccessorImpl.newInstance(Unknown Source)
                        	at java.lang.reflect.Constructor.newInstance(Unknown Source)
                        	at org.openqa.selenium.remote.ErrorHandler.createThrowable(ErrorHandler.java:206)
                        	at org.openqa.selenium.remote.ErrorHandler.throwIfResponseFailed(ErrorHandler.java:158)
                        	at org.openqa.selenium.remote.RemoteWebDriver.execute(RemoteWebDriver.java:683)
                        	at io.appium.java_client.DefaultGenericMobileDriver.execute(DefaultGenericMobileDriver.java:40)
                        	at io.appium.java_client.AppiumDriver.execute(AppiumDriver.java:1)
                        	at io.appium.java_client.android.AndroidDriver.execute(AndroidDriver.java:1)
                        	at org.openqa.selenium.remote.RemoteWebDriver.findElement(RemoteWebDriver.java:377)
                        	at io.appium.java_client.DefaultGenericMobileDriver.findElement(DefaultGenericMobileDriver.java:56)
                        	at io.appium.java_client.AppiumDriver.findElement(AppiumDriver.java:1)
                        	at io.appium.java_client.android.AndroidDriver.findElement(AndroidDriver.java:1)
                        	at org.openqa.selenium.remote.RemoteWebDriver.findElementById(RemoteWebDriver.java:427)
                        	at io.appium.java_client.DefaultGenericMobileDriver.findElementById(DefaultGenericMobileDriver.java:64)
                        	at io.appium.java_client.AppiumDriver.findElementById(AppiumDriver.java:1)
                        	at io.appium.java_client.android.AndroidDriver.findElementById(AndroidDriver.java:1)
                        	at org.openqa.selenium.By$ById.findElement(By.java:218)
                        	at org.openqa.selenium.remote.RemoteWebDriver.findElement(RemoteWebDriver.java:369)
                        	at io.appium.java_client.DefaultGenericMobileDriver.findElement(DefaultGenericMobileDriver.java:52)
                        	at io.appium.java_client.AppiumDriver.findElement(AppiumDriver.java:1)
                        	at io.appium.java_client.android.AndroidDriver.findElement(AndroidDriver.java:1)
                        	at org.openqa.selenium.support.pagefactory.DefaultElementLocator.findElement(DefaultElementLocator.java:69)
                        	at org.openqa.selenium.support.pagefactory.internal.LocatingElementHandler.invoke(LocatingElementHandler.java:38)
                        	at com.sun.proxy.$Proxy8.isDisplayed(Unknown Source)
                        	at com.app.utilities.Utilities$1.apply(Utilities.java:80)
                        	at com.app.utilities.Utilities$1.apply(Utilities.java:1)
                        	at org.openqa.selenium.support.ui.FluentWait.until(FluentWait.java:238)
                        	... 23 more
                     </pre>
                  </div>
               </td>
            </tr>
            <tr id="com.app.android.AndroidTest_setup_byStatus_passed_PASS1_row"
                class="testMethodStatusPASS testMethodStatusCONF">
               <td width="100%" class="firstMethodCell">
                  <a onclick="toggleDetailsVisibility('com.app.android.AndroidTest_setup_byStatus_passed_PASS1_details')">setup(http://127.0.0.1:4723/wd/hub
                     
                     ,
                     
                     APK\\de.komoot.android-7.2.8-www.APK4Fun.com.apk)
                  </a>
               </td>
               <td nowrap="true">11:57:03</td>
               <td nowrap="true" align="right">26s
                  
               </td>
               <td nowrap="true">
                   
                  
               </td>
            </tr>
            <tr>
               <td colspan="4" class="detailsBox">
                  <div id="com.app.android.AndroidTest_setup_byStatus_passed_PASS1_details"
                       class="testMethodDetails">
                     <div>
                        <b>Name: </b>setup
                     </div>
                     <div>
                        <b>Signature: </b>setup(java.lang.String, java.lang.String)[pri:0, instance:com.app.android.AndroidTest@5622fdf]
                     </div>
                     <div>
                        <b>Parameters: </b>
                        
                        http://127.0.0.1:4723/wd/hub
                        
                        ,
                        
                        APK\\de.komoot.android-7.2.8-www.APK4Fun.com.apk
                        
                        
                     </div>
                     <div>
                        <b>Start time: </b>11:57:03
                     </div>
                     <div>
                        <b>End time: </b>11:57:30
                     </div>
                     <div>
                        <b>Duration: </b>26s
                        
                     </div>
                  </div>
               </td>
            </tr>
            <tr></tr>
            <tr id="com.app.android.AndroidTest_DoNotEnterEmailPassword_byStatus_passed_PASS2_row"
                class="testMethodStatusPASS">
               <td width="100%" class="firstMethodCell">
                  <a onclick="toggleDetailsVisibility('com.app.android.AndroidTest_DoNotEnterEmailPassword_byStatus_passed_PASS2_details')">DoNotEnterEmailPassword()</a>
               </td>
               <td nowrap="true">11:57:30</td>
               <td nowrap="true" align="right">12s
                  
               </td>
               <td nowrap="true">
                   
                  
               </td>
            </tr>
            <tr>
               <td colspan="4" class="detailsBox">
                  <div id="com.app.android.AndroidTest_DoNotEnterEmailPassword_byStatus_passed_PASS2_details"
                       class="testMethodDetails">
                     <div>
                        <b>Name: </b>DoNotEnterEmailPassword
                     </div>
                     <div>
                        <b>Signature: </b>DoNotEnterEmailPassword()[pri:0, instance:com.app.android.AndroidTest@5622fdf]
                     </div>
                     <div>
                        <b>Start time: </b>11:57:30
                     </div>
                     <div>
                        <b>End time: </b>11:57:43
                     </div>
                     <div>
                        <b>Duration: </b>12s
                        
                     </div>
                  </div>
               </td>
            </tr>
            <tr></tr>
            <tr id="com.app.android.AndroidTest_tearDown_byStatus_passed_PASS3_row"
                class="testMethodStatusPASS testMethodStatusCONF">
               <td width="100%" class="firstMethodCell">
                  <a onclick="toggleDetailsVisibility('com.app.android.AndroidTest_tearDown_byStatus_passed_PASS3_details')">tearDown()</a>
               </td>
               <td nowrap="true">11:57:44</td>
               <td nowrap="true" align="right">1s
                  
               </td>
               <td nowrap="true">
                   
                  
               </td>
            </tr>
            <tr>
               <td colspan="4" class="detailsBox">
                  <div id="com.app.android.AndroidTest_tearDown_byStatus_passed_PASS3_details"
                       class="testMethodDetails">
                     <div>
                        <b>Name: </b>tearDown
                     </div>
                     <div>
                        <b>Signature: </b>tearDown()[pri:0, instance:com.app.android.AndroidTest@5622fdf]
                     </div>
                     <div>
                        <b>Start time: </b>11:57:44
                     </div>
                     <div>
                        <b>End time: </b>11:57:46
                     </div>
                     <div>
                        <b>Duration: </b>1s
                        
                     </div>
                  </div>
               </td>
            </tr>
            <tr></tr>
            <tr id="com.app.android.AndroidTest_setup_byStatus_passed_PASS4_row"
                class="testMethodStatusPASS testMethodStatusCONF">
               <td width="100%" class="firstMethodCell">
                  <a onclick="toggleDetailsVisibility('com.app.android.AndroidTest_setup_byStatus_passed_PASS4_details')">setup(http://127.0.0.1:4723/wd/hub
                     
                     ,
                     
                     APK\\de.komoot.android-7.2.8-www.APK4Fun.com.apk)
                  </a>
               </td>
               <td nowrap="true">11:57:46</td>
               <td nowrap="true" align="right">21s
                  
               </td>
               <td nowrap="true">
                   
                  
               </td>
            </tr>
            <tr>
               <td colspan="4" class="detailsBox">
                  <div id="com.app.android.AndroidTest_setup_byStatus_passed_PASS4_details"
                       class="testMethodDetails">
                     <div>
                        <b>Name: </b>setup
                     </div>
                     <div>
                        <b>Signature: </b>setup(java.lang.String, java.lang.String)[pri:0, instance:com.app.android.AndroidTest@5622fdf]
                     </div>
                     <div>
                        <b>Parameters: </b>
                        
                        http://127.0.0.1:4723/wd/hub
                        
                        ,
                        
                        APK\\de.komoot.android-7.2.8-www.APK4Fun.com.apk
                        
                        
                     </div>
                     <div>
                        <b>Start time: </b>11:57:46
                     </div>
                     <div>
                        <b>End time: </b>11:58:08
                     </div>
                     <div>
                        <b>Duration: </b>21s
                        
                     </div>
                  </div>
               </td>
            </tr>
            <tr></tr>
            <tr id="com.app.android.AndroidTest_DoNotEnterPasswordButEmail_byStatus_passed_PASS5_row"
                class="testMethodStatusPASS">
               <td width="100%" class="firstMethodCell">
                  <a onclick="toggleDetailsVisibility('com.app.android.AndroidTest_DoNotEnterPasswordButEmail_byStatus_passed_PASS5_details')">DoNotEnterPasswordButEmail(ujjwalraj999@gmail.com)</a>
               </td>
               <td nowrap="true">11:58:08</td>
               <td nowrap="true" align="right">20s
                  
               </td>
               <td nowrap="true">
                   
                  
               </td>
            </tr>
            <tr>
               <td colspan="4" class="detailsBox">
                  <div id="com.app.android.AndroidTest_DoNotEnterPasswordButEmail_byStatus_passed_PASS5_details"
                       class="testMethodDetails">
                     <div>
                        <b>Name: </b>DoNotEnterPasswordButEmail
                     </div>
                     <div>
                        <b>Signature: </b>DoNotEnterPasswordButEmail(java.lang.String)[pri:0, instance:com.app.android.AndroidTest@5622fdf]
                     </div>
                     <div>
                        <b>Parameters: </b>
                        
                        ujjwalraj999@gmail.com
                        
                        
                     </div>
                     <div>
                        <b>Start time: </b>11:58:08
                     </div>
                     <div>
                        <b>End time: </b>11:58:29
                     </div>
                     <div>
                        <b>Duration: </b>20s
                        
                     </div>
                  </div>
               </td>
            </tr>
            <tr></tr>
            <tr id="com.app.android.AndroidTest_tearDown_byStatus_passed_PASS6_row"
                class="testMethodStatusPASS testMethodStatusCONF">
               <td width="100%" class="firstMethodCell">
                  <a onclick="toggleDetailsVisibility('com.app.android.AndroidTest_tearDown_byStatus_passed_PASS6_details')">tearDown()</a>
               </td>
               <td nowrap="true">11:58:30</td>
               <td nowrap="true" align="right">1s
                  
               </td>
               <td nowrap="true">
                   
                  
               </td>
            </tr>
            <tr>
               <td colspan="4" class="detailsBox">
                  <div id="com.app.android.AndroidTest_tearDown_byStatus_passed_PASS6_details"
                       class="testMethodDetails">
                     <div>
                        <b>Name: </b>tearDown
                     </div>
                     <div>
                        <b>Signature: </b>tearDown()[pri:0, instance:com.app.android.AndroidTest@5622fdf]
                     </div>
                     <div>
                        <b>Start time: </b>11:58:30
                     </div>
                     <div>
                        <b>End time: </b>11:58:31
                     </div>
                     <div>
                        <b>Duration: </b>1s
                        
                     </div>
                  </div>
               </td>
            </tr>
            <tr></tr>
            <tr id="com.app.android.AndroidTest_setup_byStatus_passed_PASS7_row"
                class="testMethodStatusPASS testMethodStatusCONF">
               <td width="100%" class="firstMethodCell">
                  <a onclick="toggleDetailsVisibility('com.app.android.AndroidTest_setup_byStatus_passed_PASS7_details')">setup(http://127.0.0.1:4723/wd/hub
                     
                     ,
                     
                     APK\\de.komoot.android-7.2.8-www.APK4Fun.com.apk)
                  </a>
               </td>
               <td nowrap="true">11:58:31</td>
               <td nowrap="true" align="right">20s
                  
               </td>
               <td nowrap="true">
                   
                  
               </td>
            </tr>
            <tr>
               <td colspan="4" class="detailsBox">
                  <div id="com.app.android.AndroidTest_setup_byStatus_passed_PASS7_details"
                       class="testMethodDetails">
                     <div>
                        <b>Name: </b>setup
                     </div>
                     <div>
                        <b>Signature: </b>setup(java.lang.String, java.lang.String)[pri:0, instance:com.app.android.AndroidTest@5622fdf]
                     </div>
                     <div>
                        <b>Parameters: </b>
                        
                        http://127.0.0.1:4723/wd/hub
                        
                        ,
                        
                        APK\\de.komoot.android-7.2.8-www.APK4Fun.com.apk
                        
                        
                     </div>
                     <div>
                        <b>Start time: </b>11:58:31
                     </div>
                     <div>
                        <b>End time: </b>11:58:52
                     </div>
                     <div>
                        <b>Duration: </b>20s
                        
                     </div>
                  </div>
               </td>
            </tr>
            <tr></tr>
            <tr id="com.app.android.AndroidTest_tearDown_byStatus_passed_PASS8_row"
                class="testMethodStatusPASS testMethodStatusCONF">
               <td width="100%" class="firstMethodCell">
                  <a onclick="toggleDetailsVisibility('com.app.android.AndroidTest_tearDown_byStatus_passed_PASS8_details')">tearDown()</a>
               </td>
               <td nowrap="true">11:59:19</td>
               <td nowrap="true" align="right">1s
                  
               </td>
               <td nowrap="true">
                   
                  
               </td>
            </tr>
            <tr>
               <td colspan="4" class="detailsBox">
                  <div id="com.app.android.AndroidTest_tearDown_byStatus_passed_PASS8_details"
                       class="testMethodDetails">
                     <div>
                        <b>Name: </b>tearDown
                     </div>
                     <div>
                        <b>Signature: </b>tearDown()[pri:0, instance:com.app.android.AndroidTest@5622fdf]
                     </div>
                     <div>
                        <b>Start time: </b>11:59:19
                     </div>
                     <div>
                        <b>End time: </b>11:59:21
                     </div>
                     <div>
                        <b>Duration: </b>1s
                        
                     </div>
                  </div>
               </td>
            </tr>
            <tr></tr>
            <tr id="com.app.android.AndroidTest_setup_byStatus_passed_PASS9_row"
                class="testMethodStatusPASS testMethodStatusCONF">
               <td width="100%" class="firstMethodCell">
                  <a onclick="toggleDetailsVisibility('com.app.android.AndroidTest_setup_byStatus_passed_PASS9_details')">setup(http://127.0.0.1:4723/wd/hub
                     
                     ,
                     
                     APK\\de.komoot.android-7.2.8-www.APK4Fun.com.apk)
                  </a>
               </td>
               <td nowrap="true">11:59:22</td>
               <td nowrap="true" align="right">17s
                  
               </td>
               <td nowrap="true">
                   
                  
               </td>
            </tr>
            <tr>
               <td colspan="4" class="detailsBox">
                  <div id="com.app.android.AndroidTest_setup_byStatus_passed_PASS9_details"
                       class="testMethodDetails">
                     <div>
                        <b>Name: </b>setup
                     </div>
                     <div>
                        <b>Signature: </b>setup(java.lang.String, java.lang.String)[pri:0, instance:com.app.android.AndroidTest@5622fdf]
                     </div>
                     <div>
                        <b>Parameters: </b>
                        
                        http://127.0.0.1:4723/wd/hub
                        
                        ,
                        
                        APK\\de.komoot.android-7.2.8-www.APK4Fun.com.apk
                        
                        
                     </div>
                     <div>
                        <b>Start time: </b>11:59:22
                     </div>
                     <div>
                        <b>End time: </b>11:59:39
                     </div>
                     <div>
                        <b>Duration: </b>17s
                        
                     </div>
                  </div>
               </td>
            </tr>
            <tr></tr>
            <tr id="com.app.android.AndroidTest_validateInvalidEmail_byStatus_passed_PASS10_row"
                class="testMethodStatusPASS">
               <td width="100%" class="firstMethodCell">
                  <a onclick="toggleDetailsVisibility('com.app.android.AndroidTest_validateInvalidEmail_byStatus_passed_PASS10_details')">validateInvalidEmail(testuaer
                     
                     ,
                     
                     testpass)
                  </a>
               </td>
               <td nowrap="true">11:59:39</td>
               <td nowrap="true" align="right">24s
                  
               </td>
               <td nowrap="true">
                   
                  
               </td>
            </tr>
            <tr>
               <td colspan="4" class="detailsBox">
                  <div id="com.app.android.AndroidTest_validateInvalidEmail_byStatus_passed_PASS10_details"
                       class="testMethodDetails">
                     <div>
                        <b>Name: </b>validateInvalidEmail
                     </div>
                     <div>
                        <b>Signature: </b>validateInvalidEmail(java.lang.String, java.lang.String)[pri:0, instance:com.app.android.AndroidTest@5622fdf]
                     </div>
                     <div>
                        <b>Parameters: </b>
                        
                        testuaer
                        
                        ,
                        
                        testpass
                        
                        
                     </div>
                     <div>
                        <b>Start time: </b>11:59:39
                     </div>
                     <div>
                        <b>End time: </b>12:00:04
                     </div>
                     <div>
                        <b>Duration: </b>24s
                        
                     </div>
                  </div>
               </td>
            </tr>
            <tr></tr>
            <tr id="com.app.android.AndroidTest_tearDown_byStatus_passed_PASS11_row"
                class="testMethodStatusPASS testMethodStatusCONF">
               <td width="100%" class="firstMethodCell">
                  <a onclick="toggleDetailsVisibility('com.app.android.AndroidTest_tearDown_byStatus_passed_PASS11_details')">tearDown()</a>
               </td>
               <td nowrap="true">12:00:07</td>
               <td nowrap="true" align="right">1s
                  
               </td>
               <td nowrap="true">
                   
                  
               </td>
            </tr>
            <tr>
               <td colspan="4" class="detailsBox">
                  <div id="com.app.android.AndroidTest_tearDown_byStatus_passed_PASS11_details"
                       class="testMethodDetails">
                     <div>
                        <b>Name: </b>tearDown
                     </div>
                     <div>
                        <b>Signature: </b>tearDown()[pri:0, instance:com.app.android.AndroidTest@5622fdf]
                     </div>
                     <div>
                        <b>Start time: </b>12:00:07
                     </div>
                     <div>
                        <b>End time: </b>12:00:08
                     </div>
                     <div>
                        <b>Duration: </b>1s
                        
                     </div>
                  </div>
               </td>
            </tr>
            <tr></tr>
            <tr id="com.app.android.AndroidTest_setup_byStatus_passed_PASS12_row"
                class="testMethodStatusPASS testMethodStatusCONF">
               <td width="100%" class="firstMethodCell">
                  <a onclick="toggleDetailsVisibility('com.app.android.AndroidTest_setup_byStatus_passed_PASS12_details')">setup(http://127.0.0.1:4723/wd/hub
                     
                     ,
                     
                     APK\\de.komoot.android-7.2.8-www.APK4Fun.com.apk)
                  </a>
               </td>
               <td nowrap="true">12:00:08</td>
               <td nowrap="true" align="right">18s
                  
               </td>
               <td nowrap="true">
                   
                  
               </td>
            </tr>
            <tr>
               <td colspan="4" class="detailsBox">
                  <div id="com.app.android.AndroidTest_setup_byStatus_passed_PASS12_details"
                       class="testMethodDetails">
                     <div>
                        <b>Name: </b>setup
                     </div>
                     <div>
                        <b>Signature: </b>setup(java.lang.String, java.lang.String)[pri:0, instance:com.app.android.AndroidTest@5622fdf]
                     </div>
                     <div>
                        <b>Parameters: </b>
                        
                        http://127.0.0.1:4723/wd/hub
                        
                        ,
                        
                        APK\\de.komoot.android-7.2.8-www.APK4Fun.com.apk
                        
                        
                     </div>
                     <div>
                        <b>Start time: </b>12:00:08
                     </div>
                     <div>
                        <b>End time: </b>12:00:27
                     </div>
                     <div>
                        <b>Duration: </b>18s
                        
                     </div>
                  </div>
               </td>
            </tr>
            <tr></tr>
            <tr id="com.app.android.AndroidTest_tearDown_byStatus_passed_PASS13_row"
                class="testMethodStatusPASS testMethodStatusCONF">
               <td width="100%" class="firstMethodCell">
                  <a onclick="toggleDetailsVisibility('com.app.android.AndroidTest_tearDown_byStatus_passed_PASS13_details')">tearDown()</a>
               </td>
               <td nowrap="true">12:01:29</td>
               <td nowrap="true" align="right">1s
                  
               </td>
               <td nowrap="true">
                   
                  
               </td>
            </tr>
            <tr>
               <td colspan="4" class="detailsBox">
                  <div id="com.app.android.AndroidTest_tearDown_byStatus_passed_PASS13_details"
                       class="testMethodDetails">
                     <div>
                        <b>Name: </b>tearDown
                     </div>
                     <div>
                        <b>Signature: </b>tearDown()[pri:0, instance:com.app.android.AndroidTest@5622fdf]
                     </div>
                     <div>
                        <b>Start time: </b>12:01:29
                     </div>
                     <div>
                        <b>End time: </b>12:01:31
                     </div>
                     <div>
                        <b>Duration: </b>1s
                        
                     </div>
                  </div>
               </td>
            </tr>
            <tr></tr>
         </table>
      </div>
      <div id="testMethodsByClass">
         <table class="testMethodsTable" cellpadding="0" cellspacing="0">
            <tr>
               <td colspan="4">
                  <h3 style="display: inline;">com.app.android.AndroidTest</h3>
               </td>
            </tr>
            <tr class="methodsTableHeader">
               <td width="100%">Name</td>
               <td nowrap="true">Started</td>
               <td nowrap="true">Duration</td>
               <td>Exception</td>
            </tr>
            <tr id="com.app.android.AndroidTest_setup_byClass_PASS1_row"
                class="testMethodStatusPASS testMethodStatusCONF">
               <td width="100%" class="firstMethodCell">
                  <a onclick="toggleDetailsVisibility('com.app.android.AndroidTest_setup_byClass_PASS1_details')">setup(http://127.0.0.1:4723/wd/hub
                     
                     ,
                     
                     APK\\de.komoot.android-7.2.8-www.APK4Fun.com.apk)
                  </a>
               </td>
               <td nowrap="true">11:57:03</td>
               <td nowrap="true" align="right">26s
                  
               </td>
               <td nowrap="true">
                   
                  
               </td>
            </tr>
            <tr>
               <td colspan="4" class="detailsBox">
                  <div id="com.app.android.AndroidTest_setup_byClass_PASS1_details"
                       class="testMethodDetails">
                     <div>
                        <b>Name: </b>setup
                     </div>
                     <div>
                        <b>Signature: </b>setup(java.lang.String, java.lang.String)[pri:0, instance:com.app.android.AndroidTest@5622fdf]
                     </div>
                     <div>
                        <b>Parameters: </b>
                        
                        http://127.0.0.1:4723/wd/hub
                        
                        ,
                        
                        APK\\de.komoot.android-7.2.8-www.APK4Fun.com.apk
                        
                        
                     </div>
                     <div>
                        <b>Start time: </b>11:57:03
                     </div>
                     <div>
                        <b>End time: </b>11:57:30
                     </div>
                     <div>
                        <b>Duration: </b>26s
                        
                     </div>
                  </div>
               </td>
            </tr>
            <tr></tr>
            <tr id="com.app.android.AndroidTest_DoNotEnterEmailPassword_byClass_PASS2_row"
                class="testMethodStatusPASS">
               <td width="100%" class="firstMethodCell">
                  <a onclick="toggleDetailsVisibility('com.app.android.AndroidTest_DoNotEnterEmailPassword_byClass_PASS2_details')">DoNotEnterEmailPassword()</a>
               </td>
               <td nowrap="true">11:57:30</td>
               <td nowrap="true" align="right">12s
                  
               </td>
               <td nowrap="true">
                   
                  
               </td>
            </tr>
            <tr>
               <td colspan="4" class="detailsBox">
                  <div id="com.app.android.AndroidTest_DoNotEnterEmailPassword_byClass_PASS2_details"
                       class="testMethodDetails">
                     <div>
                        <b>Name: </b>DoNotEnterEmailPassword
                     </div>
                     <div>
                        <b>Signature: </b>DoNotEnterEmailPassword()[pri:0, instance:com.app.android.AndroidTest@5622fdf]
                     </div>
                     <div>
                        <b>Start time: </b>11:57:30
                     </div>
                     <div>
                        <b>End time: </b>11:57:43
                     </div>
                     <div>
                        <b>Duration: </b>12s
                        
                     </div>
                  </div>
               </td>
            </tr>
            <tr></tr>
            <tr id="com.app.android.AndroidTest_tearDown_byClass_PASS3_row"
                class="testMethodStatusPASS testMethodStatusCONF">
               <td width="100%" class="firstMethodCell">
                  <a onclick="toggleDetailsVisibility('com.app.android.AndroidTest_tearDown_byClass_PASS3_details')">tearDown()</a>
               </td>
               <td nowrap="true">11:57:44</td>
               <td nowrap="true" align="right">1s
                  
               </td>
               <td nowrap="true">
                   
                  
               </td>
            </tr>
            <tr>
               <td colspan="4" class="detailsBox">
                  <div id="com.app.android.AndroidTest_tearDown_byClass_PASS3_details"
                       class="testMethodDetails">
                     <div>
                        <b>Name: </b>tearDown
                     </div>
                     <div>
                        <b>Signature: </b>tearDown()[pri:0, instance:com.app.android.AndroidTest@5622fdf]
                     </div>
                     <div>
                        <b>Start time: </b>11:57:44
                     </div>
                     <div>
                        <b>End time: </b>11:57:46
                     </div>
                     <div>
                        <b>Duration: </b>1s
                        
                     </div>
                  </div>
               </td>
            </tr>
            <tr></tr>
            <tr id="com.app.android.AndroidTest_setup_byClass_PASS4_row"
                class="testMethodStatusPASS testMethodStatusCONF">
               <td width="100%" class="firstMethodCell">
                  <a onclick="toggleDetailsVisibility('com.app.android.AndroidTest_setup_byClass_PASS4_details')">setup(http://127.0.0.1:4723/wd/hub
                     
                     ,
                     
                     APK\\de.komoot.android-7.2.8-www.APK4Fun.com.apk)
                  </a>
               </td>
               <td nowrap="true">11:57:46</td>
               <td nowrap="true" align="right">21s
                  
               </td>
               <td nowrap="true">
                   
                  
               </td>
            </tr>
            <tr>
               <td colspan="4" class="detailsBox">
                  <div id="com.app.android.AndroidTest_setup_byClass_PASS4_details"
                       class="testMethodDetails">
                     <div>
                        <b>Name: </b>setup
                     </div>
                     <div>
                        <b>Signature: </b>setup(java.lang.String, java.lang.String)[pri:0, instance:com.app.android.AndroidTest@5622fdf]
                     </div>
                     <div>
                        <b>Parameters: </b>
                        
                        http://127.0.0.1:4723/wd/hub
                        
                        ,
                        
                        APK\\de.komoot.android-7.2.8-www.APK4Fun.com.apk
                        
                        
                     </div>
                     <div>
                        <b>Start time: </b>11:57:46
                     </div>
                     <div>
                        <b>End time: </b>11:58:08
                     </div>
                     <div>
                        <b>Duration: </b>21s
                        
                     </div>
                  </div>
               </td>
            </tr>
            <tr></tr>
            <tr id="com.app.android.AndroidTest_DoNotEnterPasswordButEmail_byClass_PASS5_row"
                class="testMethodStatusPASS">
               <td width="100%" class="firstMethodCell">
                  <a onclick="toggleDetailsVisibility('com.app.android.AndroidTest_DoNotEnterPasswordButEmail_byClass_PASS5_details')">DoNotEnterPasswordButEmail(ujjwalraj999@gmail.com)</a>
               </td>
               <td nowrap="true">11:58:08</td>
               <td nowrap="true" align="right">20s
                  
               </td>
               <td nowrap="true">
                   
                  
               </td>
            </tr>
            <tr>
               <td colspan="4" class="detailsBox">
                  <div id="com.app.android.AndroidTest_DoNotEnterPasswordButEmail_byClass_PASS5_details"
                       class="testMethodDetails">
                     <div>
                        <b>Name: </b>DoNotEnterPasswordButEmail
                     </div>
                     <div>
                        <b>Signature: </b>DoNotEnterPasswordButEmail(java.lang.String)[pri:0, instance:com.app.android.AndroidTest@5622fdf]
                     </div>
                     <div>
                        <b>Parameters: </b>
                        
                        ujjwalraj999@gmail.com
                        
                        
                     </div>
                     <div>
                        <b>Start time: </b>11:58:08
                     </div>
                     <div>
                        <b>End time: </b>11:58:29
                     </div>
                     <div>
                        <b>Duration: </b>20s
                        
                     </div>
                  </div>
               </td>
            </tr>
            <tr></tr>
            <tr id="com.app.android.AndroidTest_tearDown_byClass_PASS6_row"
                class="testMethodStatusPASS testMethodStatusCONF">
               <td width="100%" class="firstMethodCell">
                  <a onclick="toggleDetailsVisibility('com.app.android.AndroidTest_tearDown_byClass_PASS6_details')">tearDown()</a>
               </td>
               <td nowrap="true">11:58:30</td>
               <td nowrap="true" align="right">1s
                  
               </td>
               <td nowrap="true">
                   
                  
               </td>
            </tr>
            <tr>
               <td colspan="4" class="detailsBox">
                  <div id="com.app.android.AndroidTest_tearDown_byClass_PASS6_details"
                       class="testMethodDetails">
                     <div>
                        <b>Name: </b>tearDown
                     </div>
                     <div>
                        <b>Signature: </b>tearDown()[pri:0, instance:com.app.android.AndroidTest@5622fdf]
                     </div>
                     <div>
                        <b>Start time: </b>11:58:30
                     </div>
                     <div>
                        <b>End time: </b>11:58:31
                     </div>
                     <div>
                        <b>Duration: </b>1s
                        
                     </div>
                  </div>
               </td>
            </tr>
            <tr></tr>
            <tr id="com.app.android.AndroidTest_setup_byClass_PASS7_row"
                class="testMethodStatusPASS testMethodStatusCONF">
               <td width="100%" class="firstMethodCell">
                  <a onclick="toggleDetailsVisibility('com.app.android.AndroidTest_setup_byClass_PASS7_details')">setup(http://127.0.0.1:4723/wd/hub
                     
                     ,
                     
                     APK\\de.komoot.android-7.2.8-www.APK4Fun.com.apk)
                  </a>
               </td>
               <td nowrap="true">11:58:31</td>
               <td nowrap="true" align="right">20s
                  
               </td>
               <td nowrap="true">
                   
                  
               </td>
            </tr>
            <tr>
               <td colspan="4" class="detailsBox">
                  <div id="com.app.android.AndroidTest_setup_byClass_PASS7_details"
                       class="testMethodDetails">
                     <div>
                        <b>Name: </b>setup
                     </div>
                     <div>
                        <b>Signature: </b>setup(java.lang.String, java.lang.String)[pri:0, instance:com.app.android.AndroidTest@5622fdf]
                     </div>
                     <div>
                        <b>Parameters: </b>
                        
                        http://127.0.0.1:4723/wd/hub
                        
                        ,
                        
                        APK\\de.komoot.android-7.2.8-www.APK4Fun.com.apk
                        
                        
                     </div>
                     <div>
                        <b>Start time: </b>11:58:31
                     </div>
                     <div>
                        <b>End time: </b>11:58:52
                     </div>
                     <div>
                        <b>Duration: </b>20s
                        
                     </div>
                  </div>
               </td>
            </tr>
            <tr></tr>
            <tr id="com.app.android.AndroidTest_checkLoginWithValidEmailPassword_byClass_FAIL8_row"
                class="testMethodStatusFAIL">
               <td width="100%" class="firstMethodCell">
                  <a onclick="toggleDetailsVisibility('com.app.android.AndroidTest_checkLoginWithValidEmailPassword_byClass_FAIL8_details')">checkLoginWithValidEmailPassword(ujjwalraj999@gmail.com
                     
                     ,
                     
                     testPassword)
                  </a>
               </td>
               <td nowrap="true">11:58:52</td>
               <td nowrap="true" align="right">25s
                  
               </td>
               <td nowrap="true">
                  <a onclick="toggleDetailsVisibility('com.app.android.AndroidTest_checkLoginWithValidEmailPassword_byClass_FAIL8_exception')">java.lang.AssertionError: 
                     expected [SSL connection failure] but found [Please Enter Correct Password]
                     
                  </a>
                   
                  
               </td>
            </tr>
            <tr>
               <td colspan="4" class="detailsBox">
                  <div id="com.app.android.AndroidTest_checkLoginWithValidEmailPassword_byClass_FAIL8_details"
                       class="testMethodDetails">
                     <div>
                        <b>Name: </b>checkLoginWithValidEmailPassword
                     </div>
                     <div>
                        <b>Signature: </b>checkLoginWithValidEmailPassword(java.lang.String, java.lang.String)[pri:0, instance:com.app.android.AndroidTest@5622fdf]
                     </div>
                     <div>
                        <b>Parameters: </b>
                        
                        ujjwalraj999@gmail.com
                        
                        ,
                        
                        testPassword
                        
                        
                     </div>
                     <div>
                        <b>Start time: </b>11:58:52
                     </div>
                     <div>
                        <b>End time: </b>11:59:17
                     </div>
                     <div>
                        <b>Duration: </b>25s
                        
                     </div>
                  </div>
               </td>
            </tr>
            <tr>
               <td colspan="4" class="detailsBox">
                  <div id="com.app.android.AndroidTest_checkLoginWithValidEmailPassword_byClass_FAIL8_exception"
                       class="testMethodDetails">
                     <pre style="padding: 5px; margin: 0;">java.lang.AssertionError: expected [SSL connection failure] but found [Please Enter Correct Password]
                        	at org.testng.Assert.fail(Assert.java:94)
                        	at org.testng.Assert.failNotEquals(Assert.java:513)
                        	at org.testng.Assert.assertEqualsImpl(Assert.java:135)
                        	at org.testng.Assert.assertEquals(Assert.java:116)
                        	at org.testng.Assert.assertEquals(Assert.java:190)
                        	at org.testng.Assert.assertEquals(Assert.java:200)
                        	at com.app.android.AndroidTest.checkLoginWithValidEmailPassword(AndroidTest.java:112)
                        	at sun.reflect.NativeMethodAccessorImpl.invoke0(Native Method)
                        	at sun.reflect.NativeMethodAccessorImpl.invoke(Unknown Source)
                        	at sun.reflect.DelegatingMethodAccessorImpl.invoke(Unknown Source)
                        	at java.lang.reflect.Method.invoke(Unknown Source)
                        	at org.testng.internal.MethodInvocationHelper.invokeMethod(MethodInvocationHelper.java:86)
                        	at org.testng.internal.Invoker.invokeMethod(Invoker.java:643)
                        	at org.testng.internal.Invoker.invokeTestMethod(Invoker.java:820)
                        	at org.testng.internal.Invoker.invokeTestMethods(Invoker.java:1128)
                        	at org.testng.internal.TestMethodWorker.invokeTestMethods(TestMethodWorker.java:129)
                        	at org.testng.internal.TestMethodWorker.run(TestMethodWorker.java:112)
                        	at org.testng.TestRunner.privateRun(TestRunner.java:782)
                        	at org.testng.TestRunner.run(TestRunner.java:632)
                        	at org.testng.SuiteRunner.runTest(SuiteRunner.java:366)
                        	at org.testng.SuiteRunner.access$000(SuiteRunner.java:39)
                        	at org.testng.SuiteRunner$SuiteWorker.run(SuiteRunner.java:400)
                        	at org.testng.internal.thread.ThreadUtil$2.call(ThreadUtil.java:64)
                        	at java.util.concurrent.FutureTask.run(Unknown Source)
                        	at java.util.concurrent.ThreadPoolExecutor.runWorker(Unknown Source)
                        	at java.util.concurrent.ThreadPoolExecutor$Worker.run(Unknown Source)
                        	at java.lang.Thread.run(Unknown Source)
                     </pre>
                  </div>
               </td>
            </tr>
            <tr id="com.app.android.AndroidTest_tearDown_byClass_PASS9_row"
                class="testMethodStatusPASS testMethodStatusCONF">
               <td width="100%" class="firstMethodCell">
                  <a onclick="toggleDetailsVisibility('com.app.android.AndroidTest_tearDown_byClass_PASS9_details')">tearDown()</a>
               </td>
               <td nowrap="true">11:59:19</td>
               <td nowrap="true" align="right">1s
                  
               </td>
               <td nowrap="true">
                   
                  
               </td>
            </tr>
            <tr>
               <td colspan="4" class="detailsBox">
                  <div id="com.app.android.AndroidTest_tearDown_byClass_PASS9_details"
                       class="testMethodDetails">
                     <div>
                        <b>Name: </b>tearDown
                     </div>
                     <div>
                        <b>Signature: </b>tearDown()[pri:0, instance:com.app.android.AndroidTest@5622fdf]
                     </div>
                     <div>
                        <b>Start time: </b>11:59:19
                     </div>
                     <div>
                        <b>End time: </b>11:59:21
                     </div>
                     <div>
                        <b>Duration: </b>1s
                        
                     </div>
                  </div>
               </td>
            </tr>
            <tr></tr>
            <tr id="com.app.android.AndroidTest_setup_byClass_PASS10_row"
                class="testMethodStatusPASS testMethodStatusCONF">
               <td width="100%" class="firstMethodCell">
                  <a onclick="toggleDetailsVisibility('com.app.android.AndroidTest_setup_byClass_PASS10_details')">setup(http://127.0.0.1:4723/wd/hub
                     
                     ,
                     
                     APK\\de.komoot.android-7.2.8-www.APK4Fun.com.apk)
                  </a>
               </td>
               <td nowrap="true">11:59:22</td>
               <td nowrap="true" align="right">17s
                  
               </td>
               <td nowrap="true">
                   
                  
               </td>
            </tr>
            <tr>
               <td colspan="4" class="detailsBox">
                  <div id="com.app.android.AndroidTest_setup_byClass_PASS10_details"
                       class="testMethodDetails">
                     <div>
                        <b>Name: </b>setup
                     </div>
                     <div>
                        <b>Signature: </b>setup(java.lang.String, java.lang.String)[pri:0, instance:com.app.android.AndroidTest@5622fdf]
                     </div>
                     <div>
                        <b>Parameters: </b>
                        
                        http://127.0.0.1:4723/wd/hub
                        
                        ,
                        
                        APK\\de.komoot.android-7.2.8-www.APK4Fun.com.apk
                        
                        
                     </div>
                     <div>
                        <b>Start time: </b>11:59:22
                     </div>
                     <div>
                        <b>End time: </b>11:59:39
                     </div>
                     <div>
                        <b>Duration: </b>17s
                        
                     </div>
                  </div>
               </td>
            </tr>
            <tr></tr>
            <tr id="com.app.android.AndroidTest_validateInvalidEmail_byClass_PASS11_row"
                class="testMethodStatusPASS">
               <td width="100%" class="firstMethodCell">
                  <a onclick="toggleDetailsVisibility('com.app.android.AndroidTest_validateInvalidEmail_byClass_PASS11_details')">validateInvalidEmail(testuaer
                     
                     ,
                     
                     testpass)
                  </a>
               </td>
               <td nowrap="true">11:59:39</td>
               <td nowrap="true" align="right">24s
                  
               </td>
               <td nowrap="true">
                   
                  
               </td>
            </tr>
            <tr>
               <td colspan="4" class="detailsBox">
                  <div id="com.app.android.AndroidTest_validateInvalidEmail_byClass_PASS11_details"
                       class="testMethodDetails">
                     <div>
                        <b>Name: </b>validateInvalidEmail
                     </div>
                     <div>
                        <b>Signature: </b>validateInvalidEmail(java.lang.String, java.lang.String)[pri:0, instance:com.app.android.AndroidTest@5622fdf]
                     </div>
                     <div>
                        <b>Parameters: </b>
                        
                        testuaer
                        
                        ,
                        
                        testpass
                        
                        
                     </div>
                     <div>
                        <b>Start time: </b>11:59:39
                     </div>
                     <div>
                        <b>End time: </b>12:00:04
                     </div>
                     <div>
                        <b>Duration: </b>24s
                        
                     </div>
                  </div>
               </td>
            </tr>
            <tr></tr>
            <tr id="com.app.android.AndroidTest_tearDown_byClass_PASS12_row"
                class="testMethodStatusPASS testMethodStatusCONF">
               <td width="100%" class="firstMethodCell">
                  <a onclick="toggleDetailsVisibility('com.app.android.AndroidTest_tearDown_byClass_PASS12_details')">tearDown()</a>
               </td>
               <td nowrap="true">12:00:07</td>
               <td nowrap="true" align="right">1s
                  
               </td>
               <td nowrap="true">
                   
                  
               </td>
            </tr>
            <tr>
               <td colspan="4" class="detailsBox">
                  <div id="com.app.android.AndroidTest_tearDown_byClass_PASS12_details"
                       class="testMethodDetails">
                     <div>
                        <b>Name: </b>tearDown
                     </div>
                     <div>
                        <b>Signature: </b>tearDown()[pri:0, instance:com.app.android.AndroidTest@5622fdf]
                     </div>
                     <div>
                        <b>Start time: </b>12:00:07
                     </div>
                     <div>
                        <b>End time: </b>12:00:08
                     </div>
                     <div>
                        <b>Duration: </b>1s
                        
                     </div>
                  </div>
               </td>
            </tr>
            <tr></tr>
            <tr id="com.app.android.AndroidTest_setup_byClass_PASS13_row"
                class="testMethodStatusPASS testMethodStatusCONF">
               <td width="100%" class="firstMethodCell">
                  <a onclick="toggleDetailsVisibility('com.app.android.AndroidTest_setup_byClass_PASS13_details')">setup(http://127.0.0.1:4723/wd/hub
                     
                     ,
                     
                     APK\\de.komoot.android-7.2.8-www.APK4Fun.com.apk)
                  </a>
               </td>
               <td nowrap="true">12:00:08</td>
               <td nowrap="true" align="right">18s
                  
               </td>
               <td nowrap="true">
                   
                  
               </td>
            </tr>
            <tr>
               <td colspan="4" class="detailsBox">
                  <div id="com.app.android.AndroidTest_setup_byClass_PASS13_details"
                       class="testMethodDetails">
                     <div>
                        <b>Name: </b>setup
                     </div>
                     <div>
                        <b>Signature: </b>setup(java.lang.String, java.lang.String)[pri:0, instance:com.app.android.AndroidTest@5622fdf]
                     </div>
                     <div>
                        <b>Parameters: </b>
                        
                        http://127.0.0.1:4723/wd/hub
                        
                        ,
                        
                        APK\\de.komoot.android-7.2.8-www.APK4Fun.com.apk
                        
                        
                     </div>
                     <div>
                        <b>Start time: </b>12:00:08
                     </div>
                     <div>
                        <b>End time: </b>12:00:27
                     </div>
                     <div>
                        <b>Duration: </b>18s
                        
                     </div>
                  </div>
               </td>
            </tr>
            <tr></tr>
            <tr id="com.app.android.AndroidTest_verifySignUpWithValidInformations_byClass_FAIL14_row"
                class="testMethodStatusFAIL">
               <td width="100%" class="firstMethodCell">
                  <a onclick="toggleDetailsVisibility('com.app.android.AndroidTest_verifySignUpWithValidInformations_byClass_FAIL14_details')">verifySignUpWithValidInformations(Ujjwal Kumar
                     
                     ,
                     
                     Test911.4102367870702@test.com
                     
                     ,
                     
                     testPassword)
                  </a>
               </td>
               <td nowrap="true">12:00:27</td>
               <td nowrap="true" align="right">1m
                  
               </td>
               <td nowrap="true">
                  <a onclick="toggleDetailsVisibility('com.app.android.AndroidTest_verifySignUpWithValidInformations_byClass_FAIL14_exception')">org.openqa.selenium.TimeoutException: 
                     Expected condition failed: waiting for com.app.utilities.Utilities$1@3a9a94ef (tried for 30 second(s) with 1000 MILLISECONDS
                     interval)
                     Build info: version: 'unknown', revision: '31c43c8', time: '2016-08-02 21:57:56 -0700'
                     System info: host: 'PHL18DLLP72', ip: '192.168.56.1', os.name: 'Windows 7', os.arch: 'amd64', os.version: '6.1', java.version:
                     '1.8.0_101'
                     Driver info: driver.version: unknown
                     
                  </a>
                   
                  
               </td>
            </tr>
            <tr>
               <td colspan="4" class="detailsBox">
                  <div id="com.app.android.AndroidTest_verifySignUpWithValidInformations_byClass_FAIL14_details"
                       class="testMethodDetails">
                     <div>
                        <b>Name: </b>verifySignUpWithValidInformations
                     </div>
                     <div>
                        <b>Signature: </b>verifySignUpWithValidInformations(java.lang.String, java.lang.String, java.lang.String)[pri:0, instance:com.app.android.AndroidTest@5622fdf]
                     </div>
                     <div>
                        <b>Parameters: </b>
                        
                        Ujjwal Kumar
                        
                        ,
                        
                        Test911.4102367870702@test.com
                        
                        ,
                        
                        testPassword
                        
                        
                     </div>
                     <div>
                        <b>Start time: </b>12:00:27
                     </div>
                     <div>
                        <b>End time: </b>12:01:27
                     </div>
                     <div>
                        <b>Duration: </b>1m
                        
                     </div>
                  </div>
               </td>
            </tr>
            <tr>
               <td colspan="4" class="detailsBox">
                  <div id="com.app.android.AndroidTest_verifySignUpWithValidInformations_byClass_FAIL14_exception"
                       class="testMethodDetails">
                     <pre style="padding: 5px; margin: 0;">org.openqa.selenium.TimeoutException: Expected condition failed: waiting for com.app.utilities.Utilities$1@3a9a94ef (tried
                        for 30 second(s) with 1000 MILLISECONDS interval)
                        Build info: version: 'unknown', revision: '31c43c8', time: '2016-08-02 21:57:56 -0700'
                        System info: host: 'PHL18DLLP72', ip: '192.168.56.1', os.name: 'Windows 7', os.arch: 'amd64', os.version: '6.1', java.version:
                        '1.8.0_101'
                        Driver info: driver.version: unknown
                        	at org.openqa.selenium.support.ui.FluentWait.timeoutException(FluentWait.java:291)
                        	at org.openqa.selenium.support.ui.FluentWait.until(FluentWait.java:260)
                        	at com.app.utilities.Utilities.waitForElement(Utilities.java:77)
                        	at com.app.POM.SignUp.getAllRightLetsGoText(SignUp.java:151)
                        	at com.app.android.AndroidTest.verifySignUpWithValidInformations(AndroidTest.java:125)
                        	at sun.reflect.NativeMethodAccessorImpl.invoke0(Native Method)
                        	at sun.reflect.NativeMethodAccessorImpl.invoke(Unknown Source)
                        	at sun.reflect.DelegatingMethodAccessorImpl.invoke(Unknown Source)
                        	at java.lang.reflect.Method.invoke(Unknown Source)
                        	at org.testng.internal.MethodInvocationHelper.invokeMethod(MethodInvocationHelper.java:86)
                        	at org.testng.internal.Invoker.invokeMethod(Invoker.java:643)
                        	at org.testng.internal.Invoker.invokeTestMethod(Invoker.java:820)
                        	at org.testng.internal.Invoker.invokeTestMethods(Invoker.java:1128)
                        	at org.testng.internal.TestMethodWorker.invokeTestMethods(TestMethodWorker.java:129)
                        	at org.testng.internal.TestMethodWorker.run(TestMethodWorker.java:112)
                        	at org.testng.TestRunner.privateRun(TestRunner.java:782)
                        	at org.testng.TestRunner.run(TestRunner.java:632)
                        	at org.testng.SuiteRunner.runTest(SuiteRunner.java:366)
                        	at org.testng.SuiteRunner.access$000(SuiteRunner.java:39)
                        	at org.testng.SuiteRunner$SuiteWorker.run(SuiteRunner.java:400)
                        	at org.testng.internal.thread.ThreadUtil$2.call(ThreadUtil.java:64)
                        	at java.util.concurrent.FutureTask.run(Unknown Source)
                        	at java.util.concurrent.ThreadPoolExecutor.runWorker(Unknown Source)
                        	at java.util.concurrent.ThreadPoolExecutor$Worker.run(Unknown Source)
                        	at java.lang.Thread.run(Unknown Source)
                        Caused by: org.openqa.selenium.NoSuchElementException: An element could not be located on the page using the given search
                        parameters. (WARNING: The server did not provide any stacktrace information)
                        Command duration or timeout: 100 milliseconds
                        For documentation on this error, please visit: http://seleniumhq.org/exceptions/no_such_element.html
                        Build info: version: 'unknown', revision: '31c43c8', time: '2016-08-02 21:57:56 -0700'
                        System info: host: 'PHL18DLLP72', ip: '192.168.56.1', os.name: 'Windows 7', os.arch: 'amd64', os.version: '6.1', java.version:
                        '1.8.0_101'
                        Driver info: io.appium.java_client.android.AndroidDriver
                        Capabilities [{app=C:\Users\ukumar\git\Appium\AppiumAndroid\APK\de.komoot.android-7.2.8-www.APK4Fun.com.apk, networkConnectionEnabled=true,
                        warnings={}, databaseEnabled=false, deviceName=emulator-5554, platform=ANDROID, desired={app=C:\Users\ukumar\git\Appium\AppiumAndroid\APK\de.komoot.android-7.2.8-www.APK4Fun.com.apk,
                        newCommandTimeout=30, platformName=Android, deviceName=AndroidDevice, platform=ANDROID}, newCommandTimeout=30, platformVersion=5.0.2,
                        webStorageEnabled=false, locationContextEnabled=false, browserName=Android, takesScreenshot=true, javascriptEnabled=true,
                        platformName=Android}]
                        Session ID: 987242f5-94ab-4ec4-b1d8-7376b7d9fbc6
                        *** Element info: {Using=id, value=de.komoot.android:id/oia_lets_go_tb}
                        	at sun.reflect.GeneratedConstructorAccessor12.newInstance(Unknown Source)
                        	at sun.reflect.DelegatingConstructorAccessorImpl.newInstance(Unknown Source)
                        	at java.lang.reflect.Constructor.newInstance(Unknown Source)
                        	at org.openqa.selenium.remote.ErrorHandler.createThrowable(ErrorHandler.java:206)
                        	at org.openqa.selenium.remote.ErrorHandler.throwIfResponseFailed(ErrorHandler.java:158)
                        	at org.openqa.selenium.remote.RemoteWebDriver.execute(RemoteWebDriver.java:683)
                        	at io.appium.java_client.DefaultGenericMobileDriver.execute(DefaultGenericMobileDriver.java:40)
                        	at io.appium.java_client.AppiumDriver.execute(AppiumDriver.java:1)
                        	at io.appium.java_client.android.AndroidDriver.execute(AndroidDriver.java:1)
                        	at org.openqa.selenium.remote.RemoteWebDriver.findElement(RemoteWebDriver.java:377)
                        	at io.appium.java_client.DefaultGenericMobileDriver.findElement(DefaultGenericMobileDriver.java:56)
                        	at io.appium.java_client.AppiumDriver.findElement(AppiumDriver.java:1)
                        	at io.appium.java_client.android.AndroidDriver.findElement(AndroidDriver.java:1)
                        	at org.openqa.selenium.remote.RemoteWebDriver.findElementById(RemoteWebDriver.java:427)
                        	at io.appium.java_client.DefaultGenericMobileDriver.findElementById(DefaultGenericMobileDriver.java:64)
                        	at io.appium.java_client.AppiumDriver.findElementById(AppiumDriver.java:1)
                        	at io.appium.java_client.android.AndroidDriver.findElementById(AndroidDriver.java:1)
                        	at org.openqa.selenium.By$ById.findElement(By.java:218)
                        	at org.openqa.selenium.remote.RemoteWebDriver.findElement(RemoteWebDriver.java:369)
                        	at io.appium.java_client.DefaultGenericMobileDriver.findElement(DefaultGenericMobileDriver.java:52)
                        	at io.appium.java_client.AppiumDriver.findElement(AppiumDriver.java:1)
                        	at io.appium.java_client.android.AndroidDriver.findElement(AndroidDriver.java:1)
                        	at org.openqa.selenium.support.pagefactory.DefaultElementLocator.findElement(DefaultElementLocator.java:69)
                        	at org.openqa.selenium.support.pagefactory.internal.LocatingElementHandler.invoke(LocatingElementHandler.java:38)
                        	at com.sun.proxy.$Proxy8.isDisplayed(Unknown Source)
                        	at com.app.utilities.Utilities$1.apply(Utilities.java:80)
                        	at com.app.utilities.Utilities$1.apply(Utilities.java:1)
                        	at org.openqa.selenium.support.ui.FluentWait.until(FluentWait.java:238)
                        	... 23 more
                     </pre>
                  </div>
               </td>
            </tr>
            <tr id="com.app.android.AndroidTest_tearDown_byClass_PASS15_row"
                class="testMethodStatusPASS testMethodStatusCONF">
               <td width="100%" class="firstMethodCell">
                  <a onclick="toggleDetailsVisibility('com.app.android.AndroidTest_tearDown_byClass_PASS15_details')">tearDown()</a>
               </td>
               <td nowrap="true">12:01:29</td>
               <td nowrap="true" align="right">1s
                  
               </td>
               <td nowrap="true">
                   
                  
               </td>
            </tr>
            <tr>
               <td colspan="4" class="detailsBox">
                  <div id="com.app.android.AndroidTest_tearDown_byClass_PASS15_details"
                       class="testMethodDetails">
                     <div>
                        <b>Name: </b>tearDown
                     </div>
                     <div>
                        <b>Signature: </b>tearDown()[pri:0, instance:com.app.android.AndroidTest@5622fdf]
                     </div>
                     <div>
                        <b>Start time: </b>12:01:29
                     </div>
                     <div>
                        <b>End time: </b>12:01:31
                     </div>
                     <div>
                        <b>Duration: </b>1s
                        
                     </div>
                  </div>
               </td>
            </tr>
            <tr></tr>
         </table>
         <br></br>
      </div>
      <div style="margin-top: 15px; color: gray; text-align: center; font-size: 9px;">
         Generated with
         
         <a href="http://code.google.com/p/testng-xslt/" style="color: #8888aa;"
            target="_blank">
            TestNG XSLT
            
         </a>
      </div>
   </body>
</html>